#-----------------------------------------------------------
# xsim v2024.2 (64-bit)
# SW Build 5239630 on Fri Nov 08 22:35:27 MST 2024
# IP Build 5239520 on Sun Nov 10 16:12:51 MST 2024
# SharedData Build 5239561 on Fri Nov 08 14:39:27 MST 2024
# Start of session at: Wed Oct  1 16:41:04 2025
# Process ID         : 28148
# Current directory  : R:/fpga/fpga-power-test-accel/build
# Command line       : xsim.exe -mode tcl -source {xsim.dir/hello_top_time/xsim_script.tcl}
# Log file           : R:/fpga/fpga-power-test-accel/build/xsim.log
# Journal file       : R:/fpga/fpga-power-test-accel/build\xsim.jou
# Running On         : DESKTOP-VAD40IB
# Platform           : Windows Server 2016 or Windows 10
# Operating System   : 19045
# Processor Detail   : AMD Ryzen 5 5600G with Radeon Graphics         
# CPU Frequency      : 3893 MHz
# CPU Physical cores : 6
# CPU Logical cores  : 12
# Host memory        : 17021 MB
# Swap memory        : 12518 MB
# Total Virtual      : 29539 MB
# Available Virtual  : 4079 MB
#-----------------------------------------------------------
source xsim.dir/hello_top_time/xsim_script.tcl
# xsim {hello_top_time} -autoloadwcfg -tclbatch {R:/fpga/fpga-power-test-accel/build/run_simulation.tcl}
Time resolution is 1 ps
source R:/fpga/fpga-power-test-accel/build/run_simulation.tcl
## open_saif "R:/fpga/fpga-power-test-accel/reports/hello_top_time.saif"
## log_saif [get_objects -r *]
## run 100 ms
$finish called at time : 20000095 ns : File "R:/fpga/fpga-power-test-accel/common/tb/hello_tb.sv" Line 24
run: Time (s): cpu = 00:00:00 ; elapsed = 00:00:10 . Memory (MB): peak = 201.867 ; gain = 0.000
## close_saif
## quit
INFO: xsimkernel Simulation Memory Usage: 26832 KB (Peak: 26832 KB), Simulation CPU Usage: 10390 ms
INFO: [Common 17-206] Exiting xsim at Wed Oct  1 16:41:17 2025...
